<?xml version="1.0" encoding="UTF-8"?>
<testng-results skipped="0" failed="0" ignored="0" total="4" passed="4">
  <reporter-output>
  </reporter-output>
  <suite name="Suite" duration-ms="20233" started-at="2021-04-11T14:12:39Z" finished-at="2021-04-11T14:13:00Z">
    <groups>
    </groups>
    <test name="Test" duration-ms="20233" started-at="2021-04-11T14:12:39Z" finished-at="2021-04-11T14:13:00Z">
      <class name="org.test.ExtentReport">
        <test-method status="PASS" signature="beforeclass()[pri:0, instance:org.test.ExtentReport@6e06451e]" name="beforeclass" is-config="true" duration-ms="11675" started-at="2021-04-11T14:12:39Z" finished-at="2021-04-11T14:12:51Z">
          <reporter-output>
          </reporter-output>
        </test-method> <!-- beforeclass -->
        <test-method status="PASS" signature="tc0(java.lang.String, java.lang.String, java.lang.reflect.Method)[pri:0, instance:org.test.ExtentReport@6e06451e]" name="tc0" duration-ms="2344" started-at="2021-04-11T14:12:51Z" finished-at="2021-04-11T14:12:54Z">
          <params>
            <param index="0">
              <value>
                <![CDATA[Boston]]>
              </value>
            </param>
            <param index="1">
              <value>
                <![CDATA[London]]>
              </value>
            </param>
            <param index="2">
              <value>
                <![CDATA[private void org.test.ExtentReport.tc0(java.lang.String,java.lang.String,java.lang.reflect.Method) throws java.io.IOException]]>
              </value>
            </param>
          </params>
          <reporter-output>
          </reporter-output>
        </test-method> <!-- tc0 -->
        <test-method status="PASS" signature="tc1(java.lang.reflect.Method)[pri:0, instance:org.test.ExtentReport@6e06451e]" name="tc1" duration-ms="1294" started-at="2021-04-11T14:12:54Z" finished-at="2021-04-11T14:12:55Z">
          <params>
            <param index="0">
              <value>
                <![CDATA[private void org.test.ExtentReport.tc1(java.lang.reflect.Method) throws java.io.IOException]]>
              </value>
            </param>
          </params>
          <reporter-output>
          </reporter-output>
        </test-method> <!-- tc1 -->
        <test-method status="PASS" signature="tc2(java.lang.String, java.lang.String, java.lang.String, java.lang.String, java.lang.String, java.lang.String, java.lang.String, java.lang.String, java.lang.String, java.lang.String, java.lang.reflect.Method)[pri:0, instance:org.test.ExtentReport@6e06451e]" name="tc2" duration-ms="3243" started-at="2021-04-11T14:12:55Z" finished-at="2021-04-11T14:12:58Z">
          <params>
            <param index="0">
              <value>
                <![CDATA[Sathya]]>
              </value>
            </param>
            <param index="1">
              <value>
                <![CDATA[Chennai]]>
              </value>
            </param>
            <param index="2">
              <value>
                <![CDATA[Chennai]]>
              </value>
            </param>
            <param index="3">
              <value>
                <![CDATA[Tamilnadu]]>
              </value>
            </param>
            <param index="4">
              <value>
                <![CDATA[600095]]>
              </value>
            </param>
            <param index="5">
              <value>
                <![CDATA[American Express]]>
              </value>
            </param>
            <param index="6">
              <value>
                <![CDATA[7894561230321654]]>
              </value>
            </param>
            <param index="7">
              <value>
                <![CDATA[August]]>
              </value>
            </param>
            <param index="8">
              <value>
                <![CDATA[2022]]>
              </value>
            </param>
            <param index="9">
              <value>
                <![CDATA[SATHYA V]]>
              </value>
            </param>
            <param index="10">
              <value>
                <![CDATA[private void org.test.ExtentReport.tc2(java.lang.String,java.lang.String,java.lang.String,java.lang.String,java.lang.String,java.lang.String,java.lang.String,java.lang.String,java.lang.String,java.lang.String,java.lang.reflect.Method) throws java.io.IOException]]>
              </value>
            </param>
          </params>
          <reporter-output>
          </reporter-output>
        </test-method> <!-- tc2 -->
        <test-method status="PASS" signature="tc3(java.lang.reflect.Method)[pri:0, instance:org.test.ExtentReport@6e06451e]" name="tc3" duration-ms="718" started-at="2021-04-11T14:12:58Z" finished-at="2021-04-11T14:12:59Z">
          <params>
            <param index="0">
              <value>
                <![CDATA[private void org.test.ExtentReport.tc3(java.lang.reflect.Method) throws java.io.IOException]]>
              </value>
            </param>
          </params>
          <reporter-output>
          </reporter-output>
        </test-method> <!-- tc3 -->
        <test-method status="PASS" signature="AfterClass()[pri:0, instance:org.test.ExtentReport@6e06451e]" name="AfterClass" is-config="true" duration-ms="812" started-at="2021-04-11T14:12:59Z" finished-at="2021-04-11T14:13:00Z">
          <reporter-output>
          </reporter-output>
        </test-method> <!-- AfterClass -->
      </class> <!-- org.test.ExtentReport -->
    </test> <!-- Test -->
  </suite> <!-- Suite -->
</testng-results>
